[    25.947] (--) Log file renamed from "/home/korotkevich13/.local/share/xorg/Xorg.pid-1031.log" to "/home/korotkevich13/.local/share/xorg/Xorg.0.log"
[    25.951] 
X.Org X Server 1.20.8
X Protocol Version 11, Revision 0
[    25.951] Build Operating System: Linux 4.15.0-124-generic x86_64 Ubuntu
[    25.951] Current Operating System: Linux korotkevich13-VirtualBox 5.4.0-58-generic #64-Ubuntu SMP Wed Dec 9 08:16:25 UTC 2020 x86_64
[    25.951] Kernel command line: BOOT_IMAGE=/boot/vmlinuz-5.4.0-58-generic root=UUID=4d4034ef-9bdf-4230-b757-45228cd87f0d ro quiet splash
[    25.951] Build Date: 30 November 2020  05:56:33PM
[    25.951] xorg-server 2:1.20.8-2ubuntu2.6 (For technical support please see http://www.ubuntu.com/support) 
[    25.951] Current version of pixman: 0.38.4
[    25.951] 	Before reporting problems, check http://wiki.x.org
	to make sure that you have the latest version.
[    25.951] Markers: (--) probed, (**) from config file, (==) default setting,
	(++) from command line, (!!) notice, (II) informational,
	(WW) warning, (EE) error, (NI) not implemented, (??) unknown.
[    25.951] (==) Log file: "/home/korotkevich13/.local/share/xorg/Xorg.0.log", Time: Tue Dec 22 23:32:38 2020
[    25.954] (==) Using system config directory "/usr/share/X11/xorg.conf.d"
[    25.959] (==) No Layout section.  Using the first Screen section.
[    25.959] (==) No screen section available. Using defaults.
[    25.959] (**) |-->Screen "Default Screen Section" (0)
[    25.959] (**) |   |-->Monitor "<default monitor>"
[    25.960] (==) No monitor specified for screen "Default Screen Section".
	Using a default monitor configuration.
[    25.960] (==) Automatically adding devices
[    25.960] (==) Automatically enabling devices
[    25.960] (==) Automatically adding GPU devices
[    25.960] (==) Automatically binding GPU devices
[    25.960] (==) Max clients allowed: 256, resource mask: 0x1fffff
[    25.964] (WW) The directory "/usr/share/fonts/X11/cyrillic" does not exist.
[    25.964] 	Entry deleted from font path.
[    25.964] (WW) The directory "/usr/share/fonts/X11/100dpi/" does not exist.
[    25.964] 	Entry deleted from font path.
[    25.964] (WW) The directory "/usr/share/fonts/X11/75dpi/" does not exist.
[    25.964] 	Entry deleted from font path.
[    25.965] (WW) The directory "/usr/share/fonts/X11/100dpi" does not exist.
[    25.965] 	Entry deleted from font path.
[    25.965] (WW) The directory "/usr/share/fonts/X11/75dpi" does not exist.
[    25.965] 	Entry deleted from font path.
[    25.965] (==) FontPath set to:
	/usr/share/fonts/X11/misc,
	/usr/share/fonts/X11/Type1,
	built-ins
[    25.965] (==) ModulePath set to "/usr/lib/xorg/modules"
[    25.965] (II) The server relies on udev to provide the list of input devices.
	If no devices become available, reconfigure udev or disable AutoAddDevices.
[    25.965] (II) Loader magic: 0x55a628953020
[    25.965] (II) Module ABI versions:
[    25.965] 	X.Org ANSI C Emulation: 0.4
[    25.965] 	X.Org Video Driver: 24.1
[    25.965] 	X.Org XInput driver : 24.1
[    25.965] 	X.Org Server Extension : 10.0
[    25.967] (++) using VT number 2

[    25.974] (II) systemd-logind: took control of session /org/freedesktop/login1/session/_31
[    25.975] (II) xfree86: Adding drm device (/dev/dri/card0)
[    25.990] (II) systemd-logind: got fd for /dev/dri/card0 226:0 fd 12 paused 0
[    26.014] (--) PCI:*(0@0:2:0) 15ad:0405:15ad:0405 rev 0, Mem @ 0xf0000000/16777216, 0xf1000000/2097152, I/O @ 0x0000d010/16, BIOS @ 0x????????/131072
[    26.017] (II) LoadModule: "glx"
[    26.018] (II) Loading /usr/lib/xorg/modules/extensions/libglx.so
[    26.028] (II) Module glx: vendor="X.Org Foundation"
[    26.028] 	compiled for 1.20.8, module version = 1.0.0
[    26.028] 	ABI class: X.Org Server Extension, version 10.0
[    26.028] (==) Matched vmware as autoconfigured driver 0
[    26.028] (==) Matched modesetting as autoconfigured driver 1
[    26.028] (==) Matched fbdev as autoconfigured driver 2
[    26.028] (==) Matched vesa as autoconfigured driver 3
[    26.028] (==) Assigned the driver to the xf86ConfigLayout
[    26.028] (II) LoadModule: "vmware"
[    26.029] (II) Loading /usr/lib/xorg/modules/drivers/vmware_drv.so
[    26.327] (II) Module vmware: vendor="X.Org Foundation"
[    26.327] 	compiled for 1.20.8, module version = 13.3.0
[    26.328] 	Module class: X.Org Video Driver
[    26.328] 	ABI class: X.Org Video Driver, version 24.1
[    26.328] (II) LoadModule: "modesetting"
[    26.328] (II) Loading /usr/lib/xorg/modules/drivers/modesetting_drv.so
[    26.329] (II) Module modesetting: vendor="X.Org Foundation"
[    26.329] 	compiled for 1.20.8, module version = 1.20.8
[    26.329] 	Module class: X.Org Video Driver
[    26.329] 	ABI class: X.Org Video Driver, version 24.1
[    26.329] (II) LoadModule: "fbdev"
[    26.329] (II) Loading /usr/lib/xorg/modules/drivers/fbdev_drv.so
[    26.330] (II) Module fbdev: vendor="X.Org Foundation"
[    26.330] 	compiled for 1.20.1, module version = 0.5.0
[    26.330] 	Module class: X.Org Video Driver
[    26.330] 	ABI class: X.Org Video Driver, version 24.0
[    26.330] (II) LoadModule: "vesa"
[    26.330] (II) Loading /usr/lib/xorg/modules/drivers/vesa_drv.so
[    26.331] (II) Module vesa: vendor="X.Org Foundation"
[    26.331] 	compiled for 1.20.4, module version = 2.4.0
[    26.331] 	Module class: X.Org Video Driver
[    26.331] 	ABI class: X.Org Video Driver, version 24.0
[    26.331] (II) vmware: driver for VMware SVGA: vmware0405, vmware0710
[    26.331] (II) modesetting: Driver for Modesetting Kernel Drivers: kms
[    26.331] (II) FBDEV: driver for framebuffer: fbdev
[    26.331] (II) VESA: driver for VESA chipsets: vesa
[    26.332] xf86EnableIOPorts: failed to set IOPL for I/O (Operation not permitted)
[    26.332] (WW) Falling back to old probe method for modesetting
[    26.332] (WW) Falling back to old probe method for fbdev
[    26.332] (II) Loading sub module "fbdevhw"
[    26.332] (II) LoadModule: "fbdevhw"
[    26.332] (II) Loading /usr/lib/xorg/modules/libfbdevhw.so
[    26.334] (II) Module fbdevhw: vendor="X.Org Foundation"
[    26.334] 	compiled for 1.20.8, module version = 0.0.2
[    26.334] 	ABI class: X.Org Video Driver, version 24.1
[    26.334] (EE) open /dev/fb0: Permission denied
[    26.334] (WW) VGA arbiter: cannot open kernel arbiter, no multi-card support
[    26.334] (II) vmware(0): Creating default Display subsection in Screen section
	"Default Screen Section" for depth/fbbpp 24/32
[    26.334] (--) vmware(0): DRM driver version is 2.15.0
[    26.334] (==) vmware(0): Depth 24, (--) framebuffer bpp 32
[    26.334] (==) vmware(0): RGB weight 888
[    26.334] (==) vmware(0): Default visual is TrueColor
[    26.334] (--) vmware(0): Min width 1, Max Width 8192.
[    26.334] (--) vmware(0): Min height 1, Max Height 8192.
[    26.334] (II) vmware(0): Output Virtual1 has no monitor section
[    26.334] (II) vmware(0): Output Virtual2 has no monitor section
[    26.334] (II) vmware(0): Output Virtual3 has no monitor section
[    26.334] (II) vmware(0): Output Virtual4 has no monitor section
[    26.334] (II) vmware(0): Output Virtual5 has no monitor section
[    26.334] (II) vmware(0): Output Virtual6 has no monitor section
[    26.334] (II) vmware(0): Output Virtual7 has no monitor section
[    26.334] (II) vmware(0): Output Virtual8 has no monitor section
[    26.334] (II) vmware(0): Printing probed modes for output Virtual1
[    26.334] (II) vmware(0): Modeline "800x600"x60.0   42.75  800 850 900 950  600 650 700 750 -hsync +vsync (45.0 kHz eP)
[    26.335] (II) vmware(0): Modeline "2560x1600"x60.0  348.50  2560 2752 3032 3504  1600 1603 1609 1658 -hsync +vsync (99.5 kHz e)
[    26.335] (II) vmware(0): Modeline "1920x1440"x60.0  234.00  1920 2048 2256 2600  1440 1441 1444 1500 -hsync +vsync (90.0 kHz e)
[    26.335] (II) vmware(0): Modeline "1856x1392"x60.0  218.25  1856 1952 2176 2528  1392 1393 1396 1439 -hsync +vsync (86.3 kHz e)
[    26.335] (II) vmware(0): Modeline "1792x1344"x60.0  204.75  1792 1920 2120 2448  1344 1345 1348 1394 -hsync +vsync (83.6 kHz e)
[    26.335] (II) vmware(0): Modeline "1920x1200"x59.9  193.25  1920 2056 2256 2592  1200 1203 1209 1245 -hsync +vsync (74.6 kHz e)
[    26.335] (II) vmware(0): Modeline "1600x1200"x60.0  162.00  1600 1664 1856 2160  1200 1201 1204 1250 +hsync +vsync (75.0 kHz e)
[    26.335] (II) vmware(0): Modeline "1680x1050"x60.0  146.25  1680 1784 1960 2240  1050 1053 1059 1089 -hsync +vsync (65.3 kHz e)
[    26.335] (II) vmware(0): Modeline "1400x1050"x60.0  121.75  1400 1488 1632 1864  1050 1053 1057 1089 -hsync +vsync (65.3 kHz e)
[    26.335] (II) vmware(0): Modeline "1280x1024"x60.0  108.00  1280 1328 1440 1688  1024 1025 1028 1066 +hsync +vsync (64.0 kHz e)
[    26.335] (II) vmware(0): Modeline "1440x900"x59.9  106.50  1440 1520 1672 1904  900 903 909 934 -hsync +vsync (55.9 kHz e)
[    26.335] (II) vmware(0): Modeline "1280x960"x60.0  108.00  1280 1376 1488 1800  960 961 964 1000 +hsync +vsync (60.0 kHz e)
[    26.335] (II) vmware(0): Modeline "1360x768"x60.0   85.50  1360 1424 1536 1792  768 771 777 795 +hsync +vsync (47.7 kHz e)
[    26.335] (II) vmware(0): Modeline "1280x800"x59.8   83.50  1280 1352 1480 1680  800 803 809 831 +hsync -vsync (49.7 kHz e)
[    26.335] (II) vmware(0): Modeline "1152x864"x75.0  108.00  1152 1216 1344 1600  864 865 868 900 +hsync +vsync (67.5 kHz e)
[    26.335] (II) vmware(0): Modeline "1280x768"x59.9   79.50  1280 1344 1472 1664  768 771 778 798 -hsync +vsync (47.8 kHz e)
[    26.335] (II) vmware(0): Modeline "1024x768"x60.0   65.00  1024 1048 1184 1344  768 771 777 806 -hsync -vsync (48.4 kHz e)
[    26.335] (II) vmware(0): Modeline "800x600"x60.3   40.00  800 840 968 1056  600 601 605 628 +hsync +vsync (37.9 kHz e)
[    26.335] (II) vmware(0): Modeline "640x480"x59.9   25.18  640 656 752 800  480 489 492 525 -hsync -vsync (31.5 kHz e)
[    26.335] (II) vmware(0): EDID for output Virtual2
[    26.335] (II) vmware(0): EDID for output Virtual3
[    26.335] (II) vmware(0): EDID for output Virtual4
[    26.335] (II) vmware(0): EDID for output Virtual5
[    26.335] (II) vmware(0): EDID for output Virtual6
[    26.335] (II) vmware(0): EDID for output Virtual7
[    26.335] (II) vmware(0): EDID for output Virtual8
[    26.335] (II) vmware(0): Output Virtual1 connected
[    26.335] (II) vmware(0): Output Virtual2 disconnected
[    26.335] (II) vmware(0): Output Virtual3 disconnected
[    26.335] (II) vmware(0): Output Virtual4 disconnected
[    26.335] (II) vmware(0): Output Virtual5 disconnected
[    26.335] (II) vmware(0): Output Virtual6 disconnected
[    26.335] (II) vmware(0): Output Virtual7 disconnected
[    26.335] (II) vmware(0): Output Virtual8 disconnected
[    26.335] (II) vmware(0): Using exact sizes for initial modes
[    26.335] (II) vmware(0): Output Virtual1 using initial mode 800x600 +0+0
[    26.335] (==) vmware(0): DPI set to (96, 96)
[    26.335] (==) vmware(0): Using gamma correction (1.0, 1.0, 1.0)
[    26.335] (II) Loading sub module "fb"
[    26.335] (II) LoadModule: "fb"
[    26.336] (II) Loading /usr/lib/xorg/modules/libfb.so
[    26.345] (II) Module fb: vendor="X.Org Foundation"
[    26.345] 	compiled for 1.20.8, module version = 1.0.0
[    26.345] 	ABI class: X.Org ANSI C Emulation, version 0.4
[    26.345] (II) Loading sub module "dri2"
[    26.345] (II) LoadModule: "dri2"
[    26.345] (II) Module "dri2" already built-in
[    26.345] (II) Loading sub module "dri3"
[    26.345] (II) LoadModule: "dri3"
[    26.345] (II) Module "dri3" already built-in
[    26.345] (II) UnloadModule: "modesetting"
[    26.345] (II) Unloading modesetting
[    26.345] (II) UnloadModule: "fbdev"
[    26.348] (II) Unloading fbdev
[    26.348] (II) UnloadSubModule: "fbdevhw"
[    26.348] (II) Unloading fbdevhw
[    26.348] (II) UnloadModule: "vesa"
[    26.348] (II) Unloading vesa
[    26.350] (II) vmware(0): Initialized VMWARE_CTRL extension version 0.2
[    26.380] (WW) vmware(0): Failed to initialize Gallium3D Xa. No render acceleration available.
[    26.380] (WW) vmware(0): Skipped initialization of direct rendering due to lack of render acceleration.
[    26.380] (--) vmware(0): Render acceleration is disabled.
[    26.380] (==) vmware(0): Rendercheck mode is disabled.
[    26.380] (--) vmware(0): Direct rendering (DRI2 3D) is disabled.
[    26.380] (--) vmware(0): Direct rendering (DRI3 3D) is disabled.
[    26.384] (==) vmware(0): Backing store enabled
[    26.385] (==) vmware(0): Silken mouse enabled
[    26.387] (==) vmware(0): DPMS enabled
[    26.387] (II) vmware(0): No 3D acceleration. Not setting up textured video.
[    26.387] (WW) vmware(0): Disabling Xv because no adaptors could be initialized.
[    26.387] (II) Initializing extension Generic Event Extension
[    26.388] (II) Initializing extension SHAPE
[    26.389] (II) Initializing extension MIT-SHM
[    26.389] (II) Initializing extension XInputExtension
[    26.392] (II) Initializing extension XTEST
[    26.393] (II) Initializing extension BIG-REQUESTS
[    26.394] (II) Initializing extension SYNC
[    26.395] (II) Initializing extension XKEYBOARD
[    26.403] (II) Initializing extension XC-MISC
[    26.405] (II) Initializing extension SECURITY
[    26.407] (II) Initializing extension XFIXES
[    26.407] (II) Initializing extension RENDER
[    26.408] (II) Initializing extension RANDR
[    26.411] (II) Initializing extension COMPOSITE
[    26.411] (II) Initializing extension DAMAGE
[    26.412] (II) Initializing extension MIT-SCREEN-SAVER
[    26.413] (II) Initializing extension DOUBLE-BUFFER
[    26.413] (II) Initializing extension RECORD
[    26.415] (II) Initializing extension DPMS
[    26.416] (II) Initializing extension Present
[    26.418] (II) Initializing extension DRI3
[    26.418] (II) Initializing extension X-Resource
[    26.420] (II) Initializing extension XVideo
[    26.423] (II) Initializing extension XVideo-MotionCompensation
[    26.423] (II) Initializing extension SELinux
[    26.423] (II) SELinux: Disabled on system
[    26.423] (II) Initializing extension GLX
[    26.424] (II) AIGLX: Screen 0 is not DRI2 capable
[    26.626] (II) IGLX: Loaded and initialized swrast
[    26.627] (II) GLX: Initialized DRISWRAST GL provider for screen 0
[    26.627] (II) Initializing extension XFree86-VidModeExtension
[    26.627] (II) Initializing extension XFree86-DGA
[    26.628] (II) Initializing extension XFree86-DRI
[    26.628] (II) Initializing extension DRI2
[    26.631] (II) vmware(0): Setting screen physical size to 211 x 158
[    27.348] (II) config/udev: Adding input device Power Button (/dev/input/event0)
[    27.352] (**) Power Button: Applying InputClass "libinput keyboard catchall"
[    27.352] (II) LoadModule: "libinput"
[    27.352] (II) Loading /usr/lib/xorg/modules/input/libinput_drv.so
[    27.361] (II) Module libinput: vendor="X.Org Foundation"
[    27.361] 	compiled for 1.20.4, module version = 0.29.0
[    27.361] 	Module class: X.Org XInput Driver
[    27.361] 	ABI class: X.Org XInput driver, version 24.1
[    27.362] (II) Using input driver 'libinput' for 'Power Button'
[    27.365] (II) systemd-logind: got fd for /dev/input/event0 13:64 fd 20 paused 0
[    27.366] (**) Power Button: always reports core events
[    27.366] (**) Option "Device" "/dev/input/event0"
[    27.366] (**) Option "_source" "server/udev"
[    27.380] (II) event0  - Power Button: is tagged by udev as: Keyboard
[    27.380] (II) event0  - Power Button: device is a keyboard
[    27.380] (II) event0  - Power Button: device removed
[    27.380] (**) Option "config_info" "udev:/sys/devices/LNXSYSTM:00/LNXPWRBN:00/input/input0/event0"
[    27.381] (II) XINPUT: Adding extended input device "Power Button" (type: KEYBOARD, id 6)
[    27.381] (**) Option "xkb_model" "pc105"
[    27.381] (**) Option "xkb_layout" "us"
[    27.383] (II) event0  - Power Button: is tagged by udev as: Keyboard
[    27.384] (II) event0  - Power Button: device is a keyboard
[    27.387] (II) config/udev: Adding input device Sleep Button (/dev/input/event1)
[    27.389] (**) Sleep Button: Applying InputClass "libinput keyboard catchall"
[    27.389] (II) Using input driver 'libinput' for 'Sleep Button'
[    27.392] (II) systemd-logind: got fd for /dev/input/event1 13:65 fd 23 paused 0
[    27.392] (**) Sleep Button: always reports core events
[    27.392] (**) Option "Device" "/dev/input/event1"
[    27.393] (**) Option "_source" "server/udev"
[    27.402] (II) event1  - Sleep Button: is tagged by udev as: Keyboard
[    27.402] (II) event1  - Sleep Button: device is a keyboard
[    27.402] (II) event1  - Sleep Button: device removed
[    27.402] (**) Option "config_info" "udev:/sys/devices/LNXSYSTM:00/LNXSLPBN:00/input/input1/event1"
[    27.402] (II) XINPUT: Adding extended input device "Sleep Button" (type: KEYBOARD, id 7)
[    27.403] (**) Option "xkb_model" "pc105"
[    27.403] (**) Option "xkb_layout" "us"
[    27.406] (II) event1  - Sleep Button: is tagged by udev as: Keyboard
[    27.406] (II) event1  - Sleep Button: device is a keyboard
[    27.417] (II) config/udev: Adding input device Video Bus (/dev/input/event3)
[    27.417] (**) Video Bus: Applying InputClass "libinput keyboard catchall"
[    27.418] (II) Using input driver 'libinput' for 'Video Bus'
[    27.424] (II) systemd-logind: got fd for /dev/input/event3 13:67 fd 24 paused 0
[    27.425] (**) Video Bus: always reports core events
[    27.425] (**) Option "Device" "/dev/input/event3"
[    27.425] (**) Option "_source" "server/udev"
[    27.427] (II) event3  - Video Bus: is tagged by udev as: Keyboard
[    27.427] (II) event3  - Video Bus: device is a keyboard
[    27.427] (II) event3  - Video Bus: device removed
[    27.427] (**) Option "config_info" "udev:/sys/devices/LNXSYSTM:00/LNXSYBUS:00/PNP0A03:00/LNXVIDEO:00/input/input4/event3"
[    27.428] (II) XINPUT: Adding extended input device "Video Bus" (type: KEYBOARD, id 8)
[    27.428] (**) Option "xkb_model" "pc105"
[    27.428] (**) Option "xkb_layout" "us"
[    27.438] (II) event3  - Video Bus: is tagged by udev as: Keyboard
[    27.439] (II) event3  - Video Bus: device is a keyboard
[    27.442] (II) config/udev: Adding input device VirtualBox mouse integration (/dev/input/event6)
[    27.442] (**) VirtualBox mouse integration: Applying InputClass "libinput pointer catchall"
[    27.442] (II) Using input driver 'libinput' for 'VirtualBox mouse integration'
[    27.445] (II) systemd-logind: got fd for /dev/input/event6 13:70 fd 25 paused 0
[    27.445] (**) VirtualBox mouse integration: always reports core events
[    27.445] (**) Option "Device" "/dev/input/event6"
[    27.447] (**) Option "_source" "server/udev"
[    27.449] (II) event6  - VirtualBox mouse integration: is tagged by udev as: Mouse
[    27.452] (II) event6  - VirtualBox mouse integration: device is a pointer
[    27.452] (II) event6  - VirtualBox mouse integration: device removed
[    27.452] (**) Option "config_info" "udev:/sys/devices/pci0000:00/0000:00:04.0/input/input7/event6"
[    27.453] (II) XINPUT: Adding extended input device "VirtualBox mouse integration" (type: MOUSE, id 9)
[    27.453] (**) Option "AccelerationScheme" "none"
[    27.453] (**) VirtualBox mouse integration: (accel) selected scheme none/0
[    27.453] (**) VirtualBox mouse integration: (accel) acceleration factor: 2.000
[    27.454] (**) VirtualBox mouse integration: (accel) acceleration threshold: 4
[    27.457] (II) event6  - VirtualBox mouse integration: is tagged by udev as: Mouse
[    27.458] (II) event6  - VirtualBox mouse integration: device is a pointer
[    27.462] (II) config/udev: Adding input device VirtualBox mouse integration (/dev/input/js1)
[    27.462] (II) No input driver specified, ignoring this device.
[    27.462] (II) This device may have been added with another device file.
[    27.463] (II) config/udev: Adding input device VirtualBox USB Tablet (/dev/input/event5)
[    27.463] (**) VirtualBox USB Tablet: Applying InputClass "libinput pointer catchall"
[    27.463] (II) Using input driver 'libinput' for 'VirtualBox USB Tablet'
[    27.523] (II) systemd-logind: got fd for /dev/input/event5 13:69 fd 26 paused 0
[    27.523] (**) VirtualBox USB Tablet: always reports core events
[    27.523] (**) Option "Device" "/dev/input/event5"
[    27.523] (**) Option "_source" "server/udev"
[    27.526] (II) event5  - VirtualBox USB Tablet: is tagged by udev as: Mouse
[    27.530] (II) event5  - VirtualBox USB Tablet: device is a pointer
[    27.530] (II) event5  - VirtualBox USB Tablet: device removed
[    27.530] (**) Option "config_info" "udev:/sys/devices/pci0000:00/0000:00:06.0/usb1/1-1/1-1:1.0/0003:80EE:0021.0001/input/input6/event5"
[    27.530] (II) XINPUT: Adding extended input device "VirtualBox USB Tablet" (type: MOUSE, id 10)
[    27.532] (**) Option "AccelerationScheme" "none"
[    27.532] (**) VirtualBox USB Tablet: (accel) selected scheme none/0
[    27.532] (**) VirtualBox USB Tablet: (accel) acceleration factor: 2.000
[    27.532] (**) VirtualBox USB Tablet: (accel) acceleration threshold: 4
[    27.539] (II) event5  - VirtualBox USB Tablet: is tagged by udev as: Mouse
[    27.540] (II) event5  - VirtualBox USB Tablet: device is a pointer
[    27.542] (II) config/udev: Adding input device VirtualBox USB Tablet (/dev/input/js0)
[    27.542] (II) No input driver specified, ignoring this device.
[    27.542] (II) This device may have been added with another device file.
[    27.546] (II) config/udev: Adding input device VirtualBox USB Tablet (/dev/input/mouse1)
[    27.546] (II) No input driver specified, ignoring this device.
[    27.546] (II) This device may have been added with another device file.
[    27.547] (II) config/udev: Adding input device AT Translated Set 2 keyboard (/dev/input/event2)
[    27.547] (**) AT Translated Set 2 keyboard: Applying InputClass "libinput keyboard catchall"
[    27.547] (II) Using input driver 'libinput' for 'AT Translated Set 2 keyboard'
[    27.550] (II) systemd-logind: got fd for /dev/input/event2 13:66 fd 27 paused 0
[    27.551] (**) AT Translated Set 2 keyboard: always reports core events
[    27.551] (**) Option "Device" "/dev/input/event2"
[    27.551] (**) Option "_source" "server/udev"
[    27.558] (II) event2  - AT Translated Set 2 keyboard: is tagged by udev as: Keyboard
[    27.558] (II) event2  - AT Translated Set 2 keyboard: device is a keyboard
[    27.560] (II) event2  - AT Translated Set 2 keyboard: device removed
[    27.560] (**) Option "config_info" "udev:/sys/devices/platform/i8042/serio0/input/input2/event2"
[    27.560] (II) XINPUT: Adding extended input device "AT Translated Set 2 keyboard" (type: KEYBOARD, id 11)
[    27.560] (**) Option "xkb_model" "pc105"
[    27.560] (**) Option "xkb_layout" "us"
[    27.566] (II) event2  - AT Translated Set 2 keyboard: is tagged by udev as: Keyboard
[    27.566] (II) event2  - AT Translated Set 2 keyboard: device is a keyboard
[    27.568] (II) config/udev: Adding input device ImExPS/2 Generic Explorer Mouse (/dev/input/event4)
[    27.570] (**) ImExPS/2 Generic Explorer Mouse: Applying InputClass "libinput pointer catchall"
[    27.570] (II) Using input driver 'libinput' for 'ImExPS/2 Generic Explorer Mouse'
[    27.573] (II) systemd-logind: got fd for /dev/input/event4 13:68 fd 28 paused 0
[    27.573] (**) ImExPS/2 Generic Explorer Mouse: always reports core events
[    27.573] (**) Option "Device" "/dev/input/event4"
[    27.573] (**) Option "_source" "server/udev"
[    27.578] (II) event4  - ImExPS/2 Generic Explorer Mouse: is tagged by udev as: Mouse
[    27.579] (II) event4  - ImExPS/2 Generic Explorer Mouse: device is a pointer
[    27.579] (II) event4  - ImExPS/2 Generic Explorer Mouse: device removed
[    27.579] (**) Option "config_info" "udev:/sys/devices/platform/i8042/serio1/input/input5/event4"
[    27.580] (II) XINPUT: Adding extended input device "ImExPS/2 Generic Explorer Mouse" (type: MOUSE, id 12)
[    27.580] (**) Option "AccelerationScheme" "none"
[    27.580] (**) ImExPS/2 Generic Explorer Mouse: (accel) selected scheme none/0
[    27.580] (**) ImExPS/2 Generic Explorer Mouse: (accel) acceleration factor: 2.000
[    27.580] (**) ImExPS/2 Generic Explorer Mouse: (accel) acceleration threshold: 4
[    27.586] (II) event4  - ImExPS/2 Generic Explorer Mouse: is tagged by udev as: Mouse
[    27.587] (II) event4  - ImExPS/2 Generic Explorer Mouse: device is a pointer
[    27.588] (II) config/udev: Adding input device ImExPS/2 Generic Explorer Mouse (/dev/input/mouse0)
[    27.588] (II) No input driver specified, ignoring this device.
[    27.589] (II) This device may have been added with another device file.
